<?xml version="1.0" encoding="UTF-8"?>
<!-- Generated by org.testng.reporters.JUnitReportReporter -->
<testsuite hostname="DESKTOP-SKRGRIP" failures="0" tests="1" name="Base_Class_Configuration.Sample_Test_002" time="5.248" errors="0" timestamp="2024-07-04T14:09:46 IST" skipped="0">
  <testcase classname="Base_Class_Configuration.Sample_Test_002" name="Pinterest_Icon" time="5.248"/>
</testsuite> <!-- Base_Class_Configuration.Sample_Test_002 -->
