<?xml version="1.0" encoding="UTF-8"?>
<!-- Generated by org.testng.reporters.JUnitReportReporter -->
<testsuite hostname="DESKTOP-SKRGRIP" failures="0" tests="3" name="Base_Class_Configuration.Sample_Test_004" time="0.015" errors="0" timestamp="2024-07-25T17:53:17 IST" skipped="0">
  <testcase classname="Base_Class_Configuration.Sample_Test_004" name="excel_Test" time="0.003"/>
  <testcase classname="Base_Class_Configuration.Sample_Test_004" name="excel_Test" time="0.009"/>
  <testcase classname="Base_Class_Configuration.Sample_Test_004" name="excel_Test" time="0.003"/>
</testsuite> <!-- Base_Class_Configuration.Sample_Test_004 -->
