<?xml version="1.0" encoding="UTF-8"?>
<!-- Generated by org.testng.reporters.JUnitReportReporter -->
<testsuite hostname="DESKTOP-SKRGRIP" failures="0" tests="1" name="Base_Class_Configuration.Sample_Test_003" time="3.603" errors="0" timestamp="2024-08-22T11:36:46 IST" skipped="0">
  <testcase classname="Base_Class_Configuration.Sample_Test_003" name="Demo" time="3.603"/>
</testsuite> <!-- Base_Class_Configuration.Sample_Test_003 -->
